<?xml version="1.0" encoding="UTF-8"?>
<!-- Generated by org.testng.reporters.JUnitReportReporter -->
<testsuite hostname="BSC-C3SR6C2" failures="0" tests="8" name="org.simplilearn.workshop.user.userDashboardTest" time="133.594" errors="0" timestamp="12 May 2021 22:58:58 GMT" skipped="0">
  <testcase classname="org.simplilearn.workshop.user.userDashboardTest" name="deposit" time="16.647"/>
  <testcase classname="org.simplilearn.workshop.user.userDashboardTest" name="withdraw" time="17.168"/>
  <testcase classname="org.simplilearn.workshop.user.userDashboardTest" name="transfer" time="17.329"/>
  <testcase classname="org.simplilearn.workshop.user.userDashboardTest" name="requestCheckBook" time="16.693"/>
  <testcase classname="org.simplilearn.workshop.user.userDashboardTest" name="transactionHistory" time="15.381"/>
  <testcase classname="org.simplilearn.workshop.user.userDashboardTest" name="transferHistory" time="15.410"/>
  <testcase classname="org.simplilearn.workshop.user.userDashboardTest" name="editProfile" time="17.945"/>
  <testcase classname="org.simplilearn.workshop.user.userDashboardTest" name="changePassword" time="17.021"/>
</testsuite> <!-- org.simplilearn.workshop.user.userDashboardTest -->
