<?xml version="1.0" encoding="UTF-8"?>
<!-- Generated by org.testng.reporters.JUnitReportReporter -->
<testsuite hostname="BSC-C3SR6C2" failures="0" tests="1" name="org.simplilearn.workshop.admin.adminRegisterTest" time="11.130" errors="0" timestamp="12 May 2021 22:58:58 GMT" skipped="0">
  <testcase classname="org.simplilearn.workshop.admin.adminRegisterTest" name="adminRegister" time="11.130"/>
</testsuite> <!-- org.simplilearn.workshop.admin.adminRegisterTest -->
