<?xml version="1.0" encoding="UTF-8"?>
<!-- Generated by org.testng.reporters.JUnitReportReporter -->
<testsuite hostname="BSC-C3SR6C2" failures="0" tests="4" name="org.simplilearn.workshop.admin.adminDashboardTest" time="74.637" errors="0" timestamp="12 May 2021 22:58:58 GMT" skipped="0">
  <testcase classname="org.simplilearn.workshop.admin.adminDashboardTest" name="selectFeature" time="17.683"/>
  <testcase classname="org.simplilearn.workshop.admin.adminDashboardTest" name="userBlock" time="17.651"/>
  <testcase classname="org.simplilearn.workshop.admin.adminDashboardTest" name="userActivate" time="17.932"/>
  <testcase classname="org.simplilearn.workshop.admin.adminDashboardTest" name="chequeBookRequest" time="21.371"/>
</testsuite> <!-- org.simplilearn.workshop.admin.adminDashboardTest -->
