<?xml version="1.0" encoding="UTF-8"?>
<!-- Generated by org.testng.reporters.JUnitReportReporter -->
<testsuite hostname="BSC-C3SR6C2" failures="0" tests="2" name="org.simplilearn.workshop.admin.adminKycTest" time="51.529" errors="0" timestamp="12 May 2021 22:58:58 GMT" skipped="0">
  <testcase classname="org.simplilearn.workshop.admin.adminKycTest" name="kycAccept" time="29.686"/>
  <testcase classname="org.simplilearn.workshop.admin.adminKycTest" name="kycReject" time="21.843"/>
</testsuite> <!-- org.simplilearn.workshop.admin.adminKycTest -->
